[0.007s] Invoking command in '/home/lucascurvello/curva_ws/build/curva_description': CMAKE_PREFIX_PATH=${CMAKE_PREFIX_PATH}:/opt/ros/jazzy DEBUGINFOD_URLS=https://debuginfod.ubuntu.com /usr/bin/cmake /home/lucascurvello/curva_ws/src/curva_description -DCMAKE_INSTALL_PREFIX=/home/lucascurvello/curva_ws/install/curva_description
[0.044s] -- The C compiler identification is GNU 13.3.0
[0.080s] -- The CXX compiler identification is GNU 13.3.0
[0.091s] -- Detecting C compiler ABI info
[0.150s] -- Detecting C compiler ABI info - done
[0.155s] -- Check for working C compiler: /usr/bin/cc - skipped
[0.155s] -- Detecting C compile features
[0.155s] -- Detecting C compile features - done
[0.162s] -- Detecting CXX compiler ABI info
[0.224s] -- Detecting CXX compiler ABI info - done
[0.230s] -- Check for working CXX compiler: /usr/bin/c++ - skipped
[0.230s] -- Detecting CXX compile features
[0.231s] -- Detecting CXX compile features - done
[0.233s] -- Found ament_cmake: 2.5.3 (/opt/ros/jazzy/share/ament_cmake/cmake)
[0.330s] -- Found Python3: /usr/bin/python3 (found version "3.12.3") found components: Interpreter 
[0.406s] -- Found ament_lint_auto: 0.17.1 (/opt/ros/jazzy/share/ament_lint_auto/cmake)
[0.473s] -- Added test 'lint_cmake' to check CMake code style
[0.473s] -- Added test 'xmllint' to check XML markup files
[0.474s] -- Configuring done (0.5s)
[0.475s] -- Generating done (0.0s)
[0.476s] -- Build files have been written to: /home/lucascurvello/curva_ws/build/curva_description
[0.479s] Invoked command in '/home/lucascurvello/curva_ws/build/curva_description' returned '0': CMAKE_PREFIX_PATH=${CMAKE_PREFIX_PATH}:/opt/ros/jazzy DEBUGINFOD_URLS=https://debuginfod.ubuntu.com /usr/bin/cmake /home/lucascurvello/curva_ws/src/curva_description -DCMAKE_INSTALL_PREFIX=/home/lucascurvello/curva_ws/install/curva_description
[0.480s] Invoking command in '/home/lucascurvello/curva_ws/build/curva_description': CMAKE_PREFIX_PATH=${CMAKE_PREFIX_PATH}:/opt/ros/jazzy DEBUGINFOD_URLS=https://debuginfod.ubuntu.com /usr/bin/cmake --build /home/lucascurvello/curva_ws/build/curva_description -- -j20 -l20
[0.509s] Invoked command in '/home/lucascurvello/curva_ws/build/curva_description' returned '0': CMAKE_PREFIX_PATH=${CMAKE_PREFIX_PATH}:/opt/ros/jazzy DEBUGINFOD_URLS=https://debuginfod.ubuntu.com /usr/bin/cmake --build /home/lucascurvello/curva_ws/build/curva_description -- -j20 -l20
[0.517s] Invoking command in '/home/lucascurvello/curva_ws/build/curva_description': CMAKE_PREFIX_PATH=${CMAKE_PREFIX_PATH}:/opt/ros/jazzy DEBUGINFOD_URLS=https://debuginfod.ubuntu.com /usr/bin/cmake --install /home/lucascurvello/curva_ws/build/curva_description
[0.521s] -- Install configuration: ""
[0.521s] -- Installing: /home/lucascurvello/curva_ws/install/curva_description/share/ament_index/resource_index/package_run_dependencies/curva_description
[0.521s] -- Installing: /home/lucascurvello/curva_ws/install/curva_description/share/ament_index/resource_index/parent_prefix_path/curva_description
[0.521s] -- Installing: /home/lucascurvello/curva_ws/install/curva_description/share/curva_description/environment/ament_prefix_path.sh
[0.521s] -- Installing: /home/lucascurvello/curva_ws/install/curva_description/share/curva_description/environment/ament_prefix_path.dsv
[0.521s] -- Installing: /home/lucascurvello/curva_ws/install/curva_description/share/curva_description/environment/path.sh
[0.521s] -- Installing: /home/lucascurvello/curva_ws/install/curva_description/share/curva_description/environment/path.dsv
[0.521s] -- Installing: /home/lucascurvello/curva_ws/install/curva_description/share/curva_description/local_setup.bash
[0.521s] -- Installing: /home/lucascurvello/curva_ws/install/curva_description/share/curva_description/local_setup.sh
[0.521s] -- Installing: /home/lucascurvello/curva_ws/install/curva_description/share/curva_description/local_setup.zsh
[0.521s] -- Installing: /home/lucascurvello/curva_ws/install/curva_description/share/curva_description/local_setup.dsv
[0.521s] -- Installing: /home/lucascurvello/curva_ws/install/curva_description/share/curva_description/package.dsv
[0.522s] -- Installing: /home/lucascurvello/curva_ws/install/curva_description/share/ament_index/resource_index/packages/curva_description
[0.522s] -- Installing: /home/lucascurvello/curva_ws/install/curva_description/share/curva_description/cmake/curva_descriptionConfig.cmake
[0.522s] -- Installing: /home/lucascurvello/curva_ws/install/curva_description/share/curva_description/cmake/curva_descriptionConfig-version.cmake
[0.522s] -- Installing: /home/lucascurvello/curva_ws/install/curva_description/share/curva_description/package.xml
[0.522s] Invoked command in '/home/lucascurvello/curva_ws/build/curva_description' returned '0': CMAKE_PREFIX_PATH=${CMAKE_PREFIX_PATH}:/opt/ros/jazzy DEBUGINFOD_URLS=https://debuginfod.ubuntu.com /usr/bin/cmake --install /home/lucascurvello/curva_ws/build/curva_description
