[0.006s] Invoking command in '/home/lucascurvello/curva_ws/build/curva_description': CMAKE_PREFIX_PATH=${CMAKE_PREFIX_PATH}:/opt/ros/jazzy DEBUGINFOD_URLS=https://debuginfod.ubuntu.com /usr/bin/cmake --build /home/lucascurvello/curva_ws/build/curva_description -- -j20 -l20
[0.030s] -- Found ament_cmake: 2.5.3 (/opt/ros/jazzy/share/ament_cmake/cmake)
[0.175s] -- Override CMake install command with custom implementation using symlinks instead of copying resources
[0.186s] -- Found xacro: 2.0.11 (/opt/ros/jazzy/share/xacro/cmake)
[0.242s] -- Configuring done (0.2s)
[0.249s] -- Generating done (0.0s)
[0.249s] -- Build files have been written to: /home/lucascurvello/curva_ws/build/curva_description
[0.262s] Invoked command in '/home/lucascurvello/curva_ws/build/curva_description' returned '0': CMAKE_PREFIX_PATH=${CMAKE_PREFIX_PATH}:/opt/ros/jazzy DEBUGINFOD_URLS=https://debuginfod.ubuntu.com /usr/bin/cmake --build /home/lucascurvello/curva_ws/build/curva_description -- -j20 -l20
[0.268s] Invoking command in '/home/lucascurvello/curva_ws/build/curva_description': CMAKE_PREFIX_PATH=${CMAKE_PREFIX_PATH}:/opt/ros/jazzy DEBUGINFOD_URLS=https://debuginfod.ubuntu.com /usr/bin/cmake --install /home/lucascurvello/curva_ws/build/curva_description
[0.273s] -- Install configuration: ""
[0.274s] -- Execute custom install script
[0.274s] -- Up-to-date symlink: /home/lucascurvello/curva_ws/install/curva_description/share/curva_description/urdf/curva_description.urdf
[0.274s] -- Up-to-date symlink: /home/lucascurvello/curva_ws/install/curva_description/share/curva_description/rviz/config.rviz
[0.274s] -- Up-to-date symlink: /home/lucascurvello/curva_ws/install/curva_description/share/curva_description/launch/display.launch.py
[0.274s] -- Up-to-date symlink: /home/lucascurvello/curva_ws/install/curva_description/share/curva_description/sdf/curva_description.sdf
[0.274s] -- Symlinking: /home/lucascurvello/curva_ws/install/curva_description/share/curva_description/config/bridge_config.yaml
[0.281s] -- Symlinking: /home/lucascurvello/curva_ws/install/curva_description/share/curva_description/world/my_world.sdf
[0.288s] -- Up-to-date symlink: /home/lucascurvello/curva_ws/install/curva_description/share/ament_index/resource_index/package_run_dependencies/curva_description
[0.288s] -- Up-to-date symlink: /home/lucascurvello/curva_ws/install/curva_description/share/ament_index/resource_index/parent_prefix_path/curva_description
[0.288s] -- Up-to-date symlink: /home/lucascurvello/curva_ws/install/curva_description/share/curva_description/environment/ament_prefix_path.sh
[0.288s] -- Up-to-date symlink: /home/lucascurvello/curva_ws/install/curva_description/share/curva_description/environment/ament_prefix_path.dsv
[0.288s] -- Up-to-date symlink: /home/lucascurvello/curva_ws/install/curva_description/share/curva_description/environment/path.sh
[0.288s] -- Up-to-date symlink: /home/lucascurvello/curva_ws/install/curva_description/share/curva_description/environment/path.dsv
[0.288s] -- Up-to-date symlink: /home/lucascurvello/curva_ws/install/curva_description/share/curva_description/local_setup.bash
[0.288s] -- Up-to-date symlink: /home/lucascurvello/curva_ws/install/curva_description/share/curva_description/local_setup.sh
[0.288s] -- Up-to-date symlink: /home/lucascurvello/curva_ws/install/curva_description/share/curva_description/local_setup.zsh
[0.288s] -- Up-to-date symlink: /home/lucascurvello/curva_ws/install/curva_description/share/curva_description/local_setup.dsv
[0.289s] -- Symlinking: /home/lucascurvello/curva_ws/install/curva_description/share/curva_description/package.dsv
[0.294s] -- Up-to-date symlink: /home/lucascurvello/curva_ws/install/curva_description/share/ament_index/resource_index/packages/curva_description
[0.294s] -- Up-to-date symlink: /home/lucascurvello/curva_ws/install/curva_description/share/curva_description/cmake/curva_descriptionConfig.cmake
[0.295s] -- Up-to-date symlink: /home/lucascurvello/curva_ws/install/curva_description/share/curva_description/cmake/curva_descriptionConfig-version.cmake
[0.295s] -- Up-to-date symlink: /home/lucascurvello/curva_ws/install/curva_description/share/curva_description/package.xml
[0.296s] Invoked command in '/home/lucascurvello/curva_ws/build/curva_description' returned '0': CMAKE_PREFIX_PATH=${CMAKE_PREFIX_PATH}:/opt/ros/jazzy DEBUGINFOD_URLS=https://debuginfod.ubuntu.com /usr/bin/cmake --install /home/lucascurvello/curva_ws/build/curva_description
