[0.014s] Invoking command in '/home/lucas/Documents/curva_ws/curva_ws/build/curva_description': CMAKE_PREFIX_PATH=${CMAKE_PREFIX_PATH}:/opt/ros/jazzy DEBUGINFOD_URLS=https://debuginfod.ubuntu.com /usr/bin/cmake --build /home/lucas/Documents/curva_ws/curva_ws/build/curva_description -- -j4 -l4
[0.051s] Invoked command in '/home/lucas/Documents/curva_ws/curva_ws/build/curva_description' returned '0': CMAKE_PREFIX_PATH=${CMAKE_PREFIX_PATH}:/opt/ros/jazzy DEBUGINFOD_URLS=https://debuginfod.ubuntu.com /usr/bin/cmake --build /home/lucas/Documents/curva_ws/curva_ws/build/curva_description -- -j4 -l4
[0.062s] Invoking command in '/home/lucas/Documents/curva_ws/curva_ws/build/curva_description': CMAKE_PREFIX_PATH=${CMAKE_PREFIX_PATH}:/opt/ros/jazzy DEBUGINFOD_URLS=https://debuginfod.ubuntu.com /usr/bin/cmake --install /home/lucas/Documents/curva_ws/curva_ws/build/curva_description
[0.070s] -- Install configuration: ""
[0.071s] -- Execute custom install script
[0.071s] -- Up-to-date symlink: /home/lucas/Documents/curva_ws/curva_ws/install/curva_description/share/curva_description/urdf/curva_description.urdf
[0.072s] -- Up-to-date symlink: /home/lucas/Documents/curva_ws/curva_ws/install/curva_description/share/curva_description/rviz/config.rviz
[0.072s] -- Up-to-date symlink: /home/lucas/Documents/curva_ws/curva_ws/install/curva_description/share/curva_description/launch/display.launch.py
[0.072s] -- Up-to-date symlink: /home/lucas/Documents/curva_ws/curva_ws/install/curva_description/share/curva_description/sdf/curva_description.sdf
[0.073s] -- Up-to-date symlink: /home/lucas/Documents/curva_ws/curva_ws/install/curva_description/share/curva_description/config/bridge_config.yaml
[0.073s] -- Up-to-date symlink: /home/lucas/Documents/curva_ws/curva_ws/install/curva_description/share/curva_description/world/my_world.sdf
[0.073s] -- Up-to-date symlink: /home/lucas/Documents/curva_ws/curva_ws/install/curva_description/share/ament_index/resource_index/package_run_dependencies/curva_description
[0.073s] -- Up-to-date symlink: /home/lucas/Documents/curva_ws/curva_ws/install/curva_description/share/ament_index/resource_index/parent_prefix_path/curva_description
[0.074s] -- Up-to-date symlink: /home/lucas/Documents/curva_ws/curva_ws/install/curva_description/share/curva_description/environment/ament_prefix_path.sh
[0.074s] -- Up-to-date symlink: /home/lucas/Documents/curva_ws/curva_ws/install/curva_description/share/curva_description/environment/ament_prefix_path.dsv
[0.075s] -- Up-to-date symlink: /home/lucas/Documents/curva_ws/curva_ws/install/curva_description/share/curva_description/environment/path.sh
[0.075s] -- Up-to-date symlink: /home/lucas/Documents/curva_ws/curva_ws/install/curva_description/share/curva_description/environment/path.dsv
[0.075s] -- Up-to-date symlink: /home/lucas/Documents/curva_ws/curva_ws/install/curva_description/share/curva_description/local_setup.bash
[0.075s] -- Up-to-date symlink: /home/lucas/Documents/curva_ws/curva_ws/install/curva_description/share/curva_description/local_setup.sh
[0.075s] -- Up-to-date symlink: /home/lucas/Documents/curva_ws/curva_ws/install/curva_description/share/curva_description/local_setup.zsh
[0.075s] -- Up-to-date symlink: /home/lucas/Documents/curva_ws/curva_ws/install/curva_description/share/curva_description/local_setup.dsv
[0.075s] -- Symlinking: /home/lucas/Documents/curva_ws/curva_ws/install/curva_description/share/curva_description/package.dsv
[0.084s] -- Up-to-date symlink: /home/lucas/Documents/curva_ws/curva_ws/install/curva_description/share/ament_index/resource_index/packages/curva_description
[0.084s] -- Up-to-date symlink: /home/lucas/Documents/curva_ws/curva_ws/install/curva_description/share/curva_description/cmake/curva_descriptionConfig.cmake
[0.085s] -- Up-to-date symlink: /home/lucas/Documents/curva_ws/curva_ws/install/curva_description/share/curva_description/cmake/curva_descriptionConfig-version.cmake
[0.085s] -- Up-to-date symlink: /home/lucas/Documents/curva_ws/curva_ws/install/curva_description/share/curva_description/package.xml
[0.086s] Invoked command in '/home/lucas/Documents/curva_ws/curva_ws/build/curva_description' returned '0': CMAKE_PREFIX_PATH=${CMAKE_PREFIX_PATH}:/opt/ros/jazzy DEBUGINFOD_URLS=https://debuginfod.ubuntu.com /usr/bin/cmake --install /home/lucas/Documents/curva_ws/curva_ws/build/curva_description
