[0.006s] Invoking command in '/home/lucascurvello/curva_ws/build/curva_description': CMAKE_PREFIX_PATH=${CMAKE_PREFIX_PATH}:/home/lucascurvello/install/launch_testing_examples:/home/lucascurvello/install/examples_rclpy_pointcloud_publisher:/home/lucascurvello/install/examples_rclpy_minimal_subscriber:/home/lucascurvello/install/examples_rclpy_minimal_service:/home/lucascurvello/install/examples_rclpy_minimal_publisher:/home/lucascurvello/install/examples_rclpy_minimal_client:/home/lucascurvello/install/examples_rclpy_minimal_action_server:/home/lucascurvello/install/examples_rclpy_minimal_action_client:/home/lucascurvello/install/examples_rclpy_guard_conditions:/home/lucascurvello/install/examples_rclpy_executors:/opt/ros/jazzy DEBUGINFOD_URLS=https://debuginfod.ubuntu.com /usr/bin/cmake /home/lucascurvello/curva_ws/src/curva_description -DCMAKE_INSTALL_PREFIX=/home/lucascurvello/curva_ws/install/curva_description
[0.015s] -- Found ament_cmake: 2.5.3 (/opt/ros/jazzy/share/ament_cmake/cmake)
[0.160s] -- Override CMake install command with custom implementation using symlinks instead of copying resources
[0.164s] -- Found xacro: 2.0.11 (/opt/ros/jazzy/share/xacro/cmake)
[0.224s] -- Configuring done (0.2s)
[0.225s] -- Generating done (0.0s)
[0.226s] -- Build files have been written to: /home/lucascurvello/curva_ws/build/curva_description
[0.227s] Invoked command in '/home/lucascurvello/curva_ws/build/curva_description' returned '0': CMAKE_PREFIX_PATH=${CMAKE_PREFIX_PATH}:/home/lucascurvello/install/launch_testing_examples:/home/lucascurvello/install/examples_rclpy_pointcloud_publisher:/home/lucascurvello/install/examples_rclpy_minimal_subscriber:/home/lucascurvello/install/examples_rclpy_minimal_service:/home/lucascurvello/install/examples_rclpy_minimal_publisher:/home/lucascurvello/install/examples_rclpy_minimal_client:/home/lucascurvello/install/examples_rclpy_minimal_action_server:/home/lucascurvello/install/examples_rclpy_minimal_action_client:/home/lucascurvello/install/examples_rclpy_guard_conditions:/home/lucascurvello/install/examples_rclpy_executors:/opt/ros/jazzy DEBUGINFOD_URLS=https://debuginfod.ubuntu.com /usr/bin/cmake /home/lucascurvello/curva_ws/src/curva_description -DCMAKE_INSTALL_PREFIX=/home/lucascurvello/curva_ws/install/curva_description
[0.228s] Invoking command in '/home/lucascurvello/curva_ws/build/curva_description': CMAKE_PREFIX_PATH=${CMAKE_PREFIX_PATH}:/home/lucascurvello/install/launch_testing_examples:/home/lucascurvello/install/examples_rclpy_pointcloud_publisher:/home/lucascurvello/install/examples_rclpy_minimal_subscriber:/home/lucascurvello/install/examples_rclpy_minimal_service:/home/lucascurvello/install/examples_rclpy_minimal_publisher:/home/lucascurvello/install/examples_rclpy_minimal_client:/home/lucascurvello/install/examples_rclpy_minimal_action_server:/home/lucascurvello/install/examples_rclpy_minimal_action_client:/home/lucascurvello/install/examples_rclpy_guard_conditions:/home/lucascurvello/install/examples_rclpy_executors:/opt/ros/jazzy DEBUGINFOD_URLS=https://debuginfod.ubuntu.com /usr/bin/cmake --build /home/lucascurvello/curva_ws/build/curva_description -- -j20 -l20
[0.258s] Invoked command in '/home/lucascurvello/curva_ws/build/curva_description' returned '0': CMAKE_PREFIX_PATH=${CMAKE_PREFIX_PATH}:/home/lucascurvello/install/launch_testing_examples:/home/lucascurvello/install/examples_rclpy_pointcloud_publisher:/home/lucascurvello/install/examples_rclpy_minimal_subscriber:/home/lucascurvello/install/examples_rclpy_minimal_service:/home/lucascurvello/install/examples_rclpy_minimal_publisher:/home/lucascurvello/install/examples_rclpy_minimal_client:/home/lucascurvello/install/examples_rclpy_minimal_action_server:/home/lucascurvello/install/examples_rclpy_minimal_action_client:/home/lucascurvello/install/examples_rclpy_guard_conditions:/home/lucascurvello/install/examples_rclpy_executors:/opt/ros/jazzy DEBUGINFOD_URLS=https://debuginfod.ubuntu.com /usr/bin/cmake --build /home/lucascurvello/curva_ws/build/curva_description -- -j20 -l20
[0.264s] Invoking command in '/home/lucascurvello/curva_ws/build/curva_description': CMAKE_PREFIX_PATH=${CMAKE_PREFIX_PATH}:/home/lucascurvello/install/launch_testing_examples:/home/lucascurvello/install/examples_rclpy_pointcloud_publisher:/home/lucascurvello/install/examples_rclpy_minimal_subscriber:/home/lucascurvello/install/examples_rclpy_minimal_service:/home/lucascurvello/install/examples_rclpy_minimal_publisher:/home/lucascurvello/install/examples_rclpy_minimal_client:/home/lucascurvello/install/examples_rclpy_minimal_action_server:/home/lucascurvello/install/examples_rclpy_minimal_action_client:/home/lucascurvello/install/examples_rclpy_guard_conditions:/home/lucascurvello/install/examples_rclpy_executors:/opt/ros/jazzy DEBUGINFOD_URLS=https://debuginfod.ubuntu.com /usr/bin/cmake --install /home/lucascurvello/curva_ws/build/curva_description
[0.268s] -- Install configuration: ""
[0.268s] -- Execute custom install script
[0.269s] -- Up-to-date symlink: /home/lucascurvello/curva_ws/install/curva_description/share/curva_description/urdf/curva_description.urdf
[0.269s] -- Up-to-date symlink: /home/lucascurvello/curva_ws/install/curva_description/share/curva_description/rviz/config.rviz
[0.269s] -- Up-to-date symlink: /home/lucascurvello/curva_ws/install/curva_description/share/curva_description/launch/display.launch.py
[0.269s] -- Up-to-date symlink: /home/lucascurvello/curva_ws/install/curva_description/share/ament_index/resource_index/package_run_dependencies/curva_description
[0.269s] -- Up-to-date symlink: /home/lucascurvello/curva_ws/install/curva_description/share/ament_index/resource_index/parent_prefix_path/curva_description
[0.269s] -- Up-to-date symlink: /home/lucascurvello/curva_ws/install/curva_description/share/curva_description/environment/ament_prefix_path.sh
[0.269s] -- Up-to-date symlink: /home/lucascurvello/curva_ws/install/curva_description/share/curva_description/environment/ament_prefix_path.dsv
[0.269s] -- Up-to-date symlink: /home/lucascurvello/curva_ws/install/curva_description/share/curva_description/environment/path.sh
[0.269s] -- Up-to-date symlink: /home/lucascurvello/curva_ws/install/curva_description/share/curva_description/environment/path.dsv
[0.269s] -- Up-to-date symlink: /home/lucascurvello/curva_ws/install/curva_description/share/curva_description/local_setup.bash
[0.269s] -- Up-to-date symlink: /home/lucascurvello/curva_ws/install/curva_description/share/curva_description/local_setup.sh
[0.269s] -- Up-to-date symlink: /home/lucascurvello/curva_ws/install/curva_description/share/curva_description/local_setup.zsh
[0.269s] -- Up-to-date symlink: /home/lucascurvello/curva_ws/install/curva_description/share/curva_description/local_setup.dsv
[0.269s] -- Symlinking: /home/lucascurvello/curva_ws/install/curva_description/share/curva_description/package.dsv
[0.277s] -- Up-to-date symlink: /home/lucascurvello/curva_ws/install/curva_description/share/ament_index/resource_index/packages/curva_description
[0.277s] -- Up-to-date symlink: /home/lucascurvello/curva_ws/install/curva_description/share/curva_description/cmake/curva_descriptionConfig.cmake
[0.277s] -- Up-to-date symlink: /home/lucascurvello/curva_ws/install/curva_description/share/curva_description/cmake/curva_descriptionConfig-version.cmake
[0.277s] -- Up-to-date symlink: /home/lucascurvello/curva_ws/install/curva_description/share/curva_description/package.xml
[0.278s] Invoked command in '/home/lucascurvello/curva_ws/build/curva_description' returned '0': CMAKE_PREFIX_PATH=${CMAKE_PREFIX_PATH}:/home/lucascurvello/install/launch_testing_examples:/home/lucascurvello/install/examples_rclpy_pointcloud_publisher:/home/lucascurvello/install/examples_rclpy_minimal_subscriber:/home/lucascurvello/install/examples_rclpy_minimal_service:/home/lucascurvello/install/examples_rclpy_minimal_publisher:/home/lucascurvello/install/examples_rclpy_minimal_client:/home/lucascurvello/install/examples_rclpy_minimal_action_server:/home/lucascurvello/install/examples_rclpy_minimal_action_client:/home/lucascurvello/install/examples_rclpy_guard_conditions:/home/lucascurvello/install/examples_rclpy_executors:/opt/ros/jazzy DEBUGINFOD_URLS=https://debuginfod.ubuntu.com /usr/bin/cmake --install /home/lucascurvello/curva_ws/build/curva_description
