[0.018s] Invoking command in '/home/lucas/Documents/curva_ws/curva_ws/build/curva_description': CMAKE_PREFIX_PATH=${CMAKE_PREFIX_PATH}:/opt/ros/jazzy DEBUGINFOD_URLS=https://debuginfod.ubuntu.com /usr/bin/cmake --build /home/lucas/Documents/curva_ws/curva_ws/build/curva_description -- -j4 -l4
[0.048s] -- Found ament_cmake: 2.5.3 (/opt/ros/jazzy/share/ament_cmake/cmake)
[0.262s] -- Override CMake install command with custom implementation using symlinks instead of copying resources
[0.275s] -- Found xacro: 2.0.13 (/opt/ros/jazzy/share/xacro/cmake)
[0.390s] -- Configuring done (0.3s)
[0.397s] -- Generating done (0.0s)
[0.401s] -- Build files have been written to: /home/lucas/Documents/curva_ws/curva_ws/build/curva_description
[0.429s] Invoked command in '/home/lucas/Documents/curva_ws/curva_ws/build/curva_description' returned '0': CMAKE_PREFIX_PATH=${CMAKE_PREFIX_PATH}:/opt/ros/jazzy DEBUGINFOD_URLS=https://debuginfod.ubuntu.com /usr/bin/cmake --build /home/lucas/Documents/curva_ws/curva_ws/build/curva_description -- -j4 -l4
[0.438s] Invoking command in '/home/lucas/Documents/curva_ws/curva_ws/build/curva_description': CMAKE_PREFIX_PATH=${CMAKE_PREFIX_PATH}:/opt/ros/jazzy DEBUGINFOD_URLS=https://debuginfod.ubuntu.com /usr/bin/cmake --install /home/lucas/Documents/curva_ws/curva_ws/build/curva_description
[0.446s] -- Install configuration: ""
[0.446s] -- Execute custom install script
[0.447s] -- Up-to-date symlink: /home/lucas/Documents/curva_ws/curva_ws/install/curva_description/share/curva_description/urdf/curva_description.urdf
[0.447s] -- Up-to-date symlink: /home/lucas/Documents/curva_ws/curva_ws/install/curva_description/share/curva_description/rviz/config.rviz
[0.448s] -- Up-to-date symlink: /home/lucas/Documents/curva_ws/curva_ws/install/curva_description/share/curva_description/launch/display.launch.py
[0.448s] -- Up-to-date symlink: /home/lucas/Documents/curva_ws/curva_ws/install/curva_description/share/curva_description/sdf/curva_description.sdf
[0.448s] -- Up-to-date symlink: /home/lucas/Documents/curva_ws/curva_ws/install/curva_description/share/curva_description/config/bridge_config.yaml
[0.448s] -- Symlinking: /home/lucas/Documents/curva_ws/curva_ws/install/curva_description/share/curva_description/config/ekf.yaml
[0.457s] -- Up-to-date symlink: /home/lucas/Documents/curva_ws/curva_ws/install/curva_description/share/curva_description/world/my_world.sdf
[0.457s] -- Up-to-date symlink: /home/lucas/Documents/curva_ws/curva_ws/install/curva_description/share/ament_index/resource_index/package_run_dependencies/curva_description
[0.457s] -- Up-to-date symlink: /home/lucas/Documents/curva_ws/curva_ws/install/curva_description/share/ament_index/resource_index/parent_prefix_path/curva_description
[0.458s] -- Up-to-date symlink: /home/lucas/Documents/curva_ws/curva_ws/install/curva_description/share/curva_description/environment/ament_prefix_path.sh
[0.458s] -- Up-to-date symlink: /home/lucas/Documents/curva_ws/curva_ws/install/curva_description/share/curva_description/environment/ament_prefix_path.dsv
[0.458s] -- Up-to-date symlink: /home/lucas/Documents/curva_ws/curva_ws/install/curva_description/share/curva_description/environment/path.sh
[0.459s] -- Up-to-date symlink: /home/lucas/Documents/curva_ws/curva_ws/install/curva_description/share/curva_description/environment/path.dsv
[0.459s] -- Up-to-date symlink: /home/lucas/Documents/curva_ws/curva_ws/install/curva_description/share/curva_description/local_setup.bash
[0.459s] -- Up-to-date symlink: /home/lucas/Documents/curva_ws/curva_ws/install/curva_description/share/curva_description/local_setup.sh
[0.459s] -- Up-to-date symlink: /home/lucas/Documents/curva_ws/curva_ws/install/curva_description/share/curva_description/local_setup.zsh
[0.459s] -- Up-to-date symlink: /home/lucas/Documents/curva_ws/curva_ws/install/curva_description/share/curva_description/local_setup.dsv
[0.460s] -- Symlinking: /home/lucas/Documents/curva_ws/curva_ws/install/curva_description/share/curva_description/package.dsv
[0.470s] -- Up-to-date symlink: /home/lucas/Documents/curva_ws/curva_ws/install/curva_description/share/ament_index/resource_index/packages/curva_description
[0.470s] -- Up-to-date symlink: /home/lucas/Documents/curva_ws/curva_ws/install/curva_description/share/curva_description/cmake/curva_descriptionConfig.cmake
[0.470s] -- Up-to-date symlink: /home/lucas/Documents/curva_ws/curva_ws/install/curva_description/share/curva_description/cmake/curva_descriptionConfig-version.cmake
[0.470s] -- Up-to-date symlink: /home/lucas/Documents/curva_ws/curva_ws/install/curva_description/share/curva_description/package.xml
[0.473s] Invoked command in '/home/lucas/Documents/curva_ws/curva_ws/build/curva_description' returned '0': CMAKE_PREFIX_PATH=${CMAKE_PREFIX_PATH}:/opt/ros/jazzy DEBUGINFOD_URLS=https://debuginfod.ubuntu.com /usr/bin/cmake --install /home/lucas/Documents/curva_ws/curva_ws/build/curva_description
