[0.015s] Invoking command in '/home/lucas/Documents/curva_ws/curva_ws/build/curva_description': CMAKE_PREFIX_PATH=${CMAKE_PREFIX_PATH}:/opt/ros/jazzy DEBUGINFOD_URLS=https://debuginfod.ubuntu.com /usr/bin/cmake /home/lucas/Documents/curva_ws/curva_ws/src/curva_description -DCMAKE_INSTALL_PREFIX=/home/lucas/Documents/curva_ws/curva_ws/install/curva_description
[0.026s] -- Found ament_cmake: 2.5.3 (/opt/ros/jazzy/share/ament_cmake/cmake)
[0.246s] -- Override CMake install command with custom implementation using symlinks instead of copying resources
[0.255s] -- Found xacro: 2.0.13 (/opt/ros/jazzy/share/xacro/cmake)
[0.356s] -- Configuring done (0.3s)
[0.362s] -- Generating done (0.0s)
[0.362s] -- Build files have been written to: /home/lucas/Documents/curva_ws/curva_ws/build/curva_description
[0.363s] Invoked command in '/home/lucas/Documents/curva_ws/curva_ws/build/curva_description' returned '0': CMAKE_PREFIX_PATH=${CMAKE_PREFIX_PATH}:/opt/ros/jazzy DEBUGINFOD_URLS=https://debuginfod.ubuntu.com /usr/bin/cmake /home/lucas/Documents/curva_ws/curva_ws/src/curva_description -DCMAKE_INSTALL_PREFIX=/home/lucas/Documents/curva_ws/curva_ws/install/curva_description
[0.365s] Invoking command in '/home/lucas/Documents/curva_ws/curva_ws/build/curva_description': CMAKE_PREFIX_PATH=${CMAKE_PREFIX_PATH}:/opt/ros/jazzy DEBUGINFOD_URLS=https://debuginfod.ubuntu.com /usr/bin/cmake --build /home/lucas/Documents/curva_ws/curva_ws/build/curva_description -- -j4 -l4
[0.403s] Invoked command in '/home/lucas/Documents/curva_ws/curva_ws/build/curva_description' returned '0': CMAKE_PREFIX_PATH=${CMAKE_PREFIX_PATH}:/opt/ros/jazzy DEBUGINFOD_URLS=https://debuginfod.ubuntu.com /usr/bin/cmake --build /home/lucas/Documents/curva_ws/curva_ws/build/curva_description -- -j4 -l4
[0.413s] Invoking command in '/home/lucas/Documents/curva_ws/curva_ws/build/curva_description': CMAKE_PREFIX_PATH=${CMAKE_PREFIX_PATH}:/opt/ros/jazzy DEBUGINFOD_URLS=https://debuginfod.ubuntu.com /usr/bin/cmake --install /home/lucas/Documents/curva_ws/curva_ws/build/curva_description
[0.421s] -- Install configuration: ""
[0.421s] -- Execute custom install script
[0.424s] -- Up-to-date symlink: /home/lucas/Documents/curva_ws/curva_ws/install/curva_description/share/curva_description/urdf/curva_description.urdf
[0.424s] -- Up-to-date symlink: /home/lucas/Documents/curva_ws/curva_ws/install/curva_description/share/curva_description/rviz/config.rviz
[0.424s] -- Up-to-date symlink: /home/lucas/Documents/curva_ws/curva_ws/install/curva_description/share/curva_description/launch/display.launch.py
[0.425s] -- Up-to-date symlink: /home/lucas/Documents/curva_ws/curva_ws/install/curva_description/share/curva_description/sdf/curva_description.sdf
[0.425s] -- Up-to-date symlink: /home/lucas/Documents/curva_ws/curva_ws/install/curva_description/share/curva_description/config/bridge_config.yaml
[0.425s] -- Up-to-date symlink: /home/lucas/Documents/curva_ws/curva_ws/install/curva_description/share/curva_description/world/my_world.sdf
[0.425s] -- Up-to-date symlink: /home/lucas/Documents/curva_ws/curva_ws/install/curva_description/share/ament_index/resource_index/package_run_dependencies/curva_description
[0.425s] -- Up-to-date symlink: /home/lucas/Documents/curva_ws/curva_ws/install/curva_description/share/ament_index/resource_index/parent_prefix_path/curva_description
[0.425s] -- Up-to-date symlink: /home/lucas/Documents/curva_ws/curva_ws/install/curva_description/share/curva_description/environment/ament_prefix_path.sh
[0.425s] -- Up-to-date symlink: /home/lucas/Documents/curva_ws/curva_ws/install/curva_description/share/curva_description/environment/ament_prefix_path.dsv
[0.425s] -- Up-to-date symlink: /home/lucas/Documents/curva_ws/curva_ws/install/curva_description/share/curva_description/environment/path.sh
[0.426s] -- Up-to-date symlink: /home/lucas/Documents/curva_ws/curva_ws/install/curva_description/share/curva_description/environment/path.dsv
[0.426s] -- Up-to-date symlink: /home/lucas/Documents/curva_ws/curva_ws/install/curva_description/share/curva_description/local_setup.bash
[0.426s] -- Up-to-date symlink: /home/lucas/Documents/curva_ws/curva_ws/install/curva_description/share/curva_description/local_setup.sh
[0.426s] -- Up-to-date symlink: /home/lucas/Documents/curva_ws/curva_ws/install/curva_description/share/curva_description/local_setup.zsh
[0.426s] -- Up-to-date symlink: /home/lucas/Documents/curva_ws/curva_ws/install/curva_description/share/curva_description/local_setup.dsv
[0.426s] -- Symlinking: /home/lucas/Documents/curva_ws/curva_ws/install/curva_description/share/curva_description/package.dsv
[0.433s] -- Up-to-date symlink: /home/lucas/Documents/curva_ws/curva_ws/install/curva_description/share/ament_index/resource_index/packages/curva_description
[0.434s] -- Up-to-date symlink: /home/lucas/Documents/curva_ws/curva_ws/install/curva_description/share/curva_description/cmake/curva_descriptionConfig.cmake
[0.434s] -- Up-to-date symlink: /home/lucas/Documents/curva_ws/curva_ws/install/curva_description/share/curva_description/cmake/curva_descriptionConfig-version.cmake
[0.434s] -- Up-to-date symlink: /home/lucas/Documents/curva_ws/curva_ws/install/curva_description/share/curva_description/package.xml
[0.436s] Invoked command in '/home/lucas/Documents/curva_ws/curva_ws/build/curva_description' returned '0': CMAKE_PREFIX_PATH=${CMAKE_PREFIX_PATH}:/opt/ros/jazzy DEBUGINFOD_URLS=https://debuginfod.ubuntu.com /usr/bin/cmake --install /home/lucas/Documents/curva_ws/curva_ws/build/curva_description
