[0.007s] Invoking command in '/home/lucascurvello/curva_ws/build/curva_description': CMAKE_PREFIX_PATH=${CMAKE_PREFIX_PATH}:/opt/ros/jazzy DEBUGINFOD_URLS=https://debuginfod.ubuntu.com /usr/bin/cmake --build /home/lucascurvello/curva_ws/build/curva_description -- -j20 -l20
[0.038s] Invoked command in '/home/lucascurvello/curva_ws/build/curva_description' returned '0': CMAKE_PREFIX_PATH=${CMAKE_PREFIX_PATH}:/opt/ros/jazzy DEBUGINFOD_URLS=https://debuginfod.ubuntu.com /usr/bin/cmake --build /home/lucascurvello/curva_ws/build/curva_description -- -j20 -l20
[0.044s] Invoking command in '/home/lucascurvello/curva_ws/build/curva_description': CMAKE_PREFIX_PATH=${CMAKE_PREFIX_PATH}:/opt/ros/jazzy DEBUGINFOD_URLS=https://debuginfod.ubuntu.com /usr/bin/cmake --install /home/lucascurvello/curva_ws/build/curva_description
[0.049s] -- Install configuration: ""
[0.049s] -- Up-to-date: /home/lucascurvello/curva_ws/install/curva_description/share/curva_description/urdf
[0.049s] -- Up-to-date: /home/lucascurvello/curva_ws/install/curva_description/share/curva_description/urdf/curva_description.urdf
[0.049s] -- Up-to-date: /home/lucascurvello/curva_ws/install/curva_description/share/curva_description/rviz
[0.049s] -- Installing: /home/lucascurvello/curva_ws/install/curva_description/share/curva_description/rviz/config.rviz
[0.049s] -- Up-to-date: /home/lucascurvello/curva_ws/install/curva_description/share/curva_description/launch
[0.049s] -- Up-to-date: /home/lucascurvello/curva_ws/install/curva_description/share/curva_description/launch/display.launch.py
[0.049s] -- Up-to-date: /home/lucascurvello/curva_ws/install/curva_description/share/ament_index/resource_index/package_run_dependencies/curva_description
[0.049s] -- Up-to-date: /home/lucascurvello/curva_ws/install/curva_description/share/ament_index/resource_index/parent_prefix_path/curva_description
[0.049s] -- Up-to-date: /home/lucascurvello/curva_ws/install/curva_description/share/curva_description/environment/ament_prefix_path.sh
[0.049s] -- Up-to-date: /home/lucascurvello/curva_ws/install/curva_description/share/curva_description/environment/ament_prefix_path.dsv
[0.050s] -- Up-to-date: /home/lucascurvello/curva_ws/install/curva_description/share/curva_description/environment/path.sh
[0.050s] -- Up-to-date: /home/lucascurvello/curva_ws/install/curva_description/share/curva_description/environment/path.dsv
[0.050s] -- Up-to-date: /home/lucascurvello/curva_ws/install/curva_description/share/curva_description/local_setup.bash
[0.050s] -- Up-to-date: /home/lucascurvello/curva_ws/install/curva_description/share/curva_description/local_setup.sh
[0.050s] -- Up-to-date: /home/lucascurvello/curva_ws/install/curva_description/share/curva_description/local_setup.zsh
[0.050s] -- Up-to-date: /home/lucascurvello/curva_ws/install/curva_description/share/curva_description/local_setup.dsv
[0.050s] -- Installing: /home/lucascurvello/curva_ws/install/curva_description/share/curva_description/package.dsv
[0.050s] -- Up-to-date: /home/lucascurvello/curva_ws/install/curva_description/share/ament_index/resource_index/packages/curva_description
[0.050s] -- Up-to-date: /home/lucascurvello/curva_ws/install/curva_description/share/curva_description/cmake/curva_descriptionConfig.cmake
[0.050s] -- Up-to-date: /home/lucascurvello/curva_ws/install/curva_description/share/curva_description/cmake/curva_descriptionConfig-version.cmake
[0.050s] -- Up-to-date: /home/lucascurvello/curva_ws/install/curva_description/share/curva_description/package.xml
[0.051s] Invoked command in '/home/lucascurvello/curva_ws/build/curva_description' returned '0': CMAKE_PREFIX_PATH=${CMAKE_PREFIX_PATH}:/opt/ros/jazzy DEBUGINFOD_URLS=https://debuginfod.ubuntu.com /usr/bin/cmake --install /home/lucascurvello/curva_ws/build/curva_description
